c:\users\kaan\onedrive - karadeniz teknik üniversitesi\ders\tez\2.dönem\simülasyon\debug\vc143.pdb
c:\users\kaan\onedrive - karadeniz teknik üniversitesi\ders\tez\2.dönem\simülasyon\debug\vc143.idb
c:\users\kaan\onedrive - karadeniz teknik üniversitesi\ders\tez\2.dönem\simülasyon\debug\ddstextureloader.obj
c:\users\kaan\onedrive - karadeniz teknik üniversitesi\ders\tez\2.dönem\simülasyon\debug\sim.obj
c:\users\kaan\onedrive - karadeniz teknik üniversitesi\ders\tez\2.dönem\simülasyon\debug\shaders.cso
c:\users\kaan\onedrive - karadeniz teknik üniversitesi\ders\tez\2.dönem\simülasyon\debug\simulasyon.exe
c:\users\kaan\onedrive - karadeniz teknik üniversitesi\ders\tez\2.dönem\simülasyon\debug\simulasyon.pdb
c:\users\kaan\onedrive - karadeniz teknik üniversitesi\ders\tez\2.dönem\simülasyon\debug\resource.res
c:\users\kaan\onedrive - karadeniz teknik üniversitesi\ders\tez\2.dönem\simülasyon\debug\simulasyon.ilk
c:\users\kaan\onedrive - karadeniz teknik üniversitesi\ders\tez\2.dönem\simülasyon\debug\simulasyon.tlog\cl.command.1.tlog
c:\users\kaan\onedrive - karadeniz teknik üniversitesi\ders\tez\2.dönem\simülasyon\debug\simulasyon.tlog\cl.items.tlog
c:\users\kaan\onedrive - karadeniz teknik üniversitesi\ders\tez\2.dönem\simülasyon\debug\simulasyon.tlog\cl.read.1.tlog
c:\users\kaan\onedrive - karadeniz teknik üniversitesi\ders\tez\2.dönem\simülasyon\debug\simulasyon.tlog\cl.write.1.tlog
c:\users\kaan\onedrive - karadeniz teknik üniversitesi\ders\tez\2.dönem\simülasyon\debug\simulasyon.tlog\fxc.command.1.tlog
c:\users\kaan\onedrive - karadeniz teknik üniversitesi\ders\tez\2.dönem\simülasyon\debug\simulasyon.tlog\fxc.read.1.tlog
c:\users\kaan\onedrive - karadeniz teknik üniversitesi\ders\tez\2.dönem\simülasyon\debug\simulasyon.tlog\fxc.write.1.tlog
c:\users\kaan\onedrive - karadeniz teknik üniversitesi\ders\tez\2.dönem\simülasyon\debug\simulasyon.tlog\link.command.1.tlog
c:\users\kaan\onedrive - karadeniz teknik üniversitesi\ders\tez\2.dönem\simülasyon\debug\simulasyon.tlog\link.read.1.tlog
c:\users\kaan\onedrive - karadeniz teknik üniversitesi\ders\tez\2.dönem\simülasyon\debug\simulasyon.tlog\link.secondary.1.tlog
c:\users\kaan\onedrive - karadeniz teknik üniversitesi\ders\tez\2.dönem\simülasyon\debug\simulasyon.tlog\link.write.1.tlog
c:\users\kaan\onedrive - karadeniz teknik üniversitesi\ders\tez\2.dönem\simülasyon\debug\simulasyon.tlog\rc.command.1.tlog
c:\users\kaan\onedrive - karadeniz teknik üniversitesi\ders\tez\2.dönem\simülasyon\debug\simulasyon.tlog\rc.read.1.tlog
c:\users\kaan\onedrive - karadeniz teknik üniversitesi\ders\tez\2.dönem\simülasyon\debug\simulasyon.tlog\rc.write.1.tlog
